
Showing logs for build [32msimonjamesrowe-start-spring-io-fcwvx-1[0m stage [32mfrom-build-pack[0m and container [32mcredential-initializer[0m
{"level":"info","ts":1614583777.341335,"caller":"creds-init/main.go:44","msg":"Credentials initialized."}

Showing logs for build [32msimonjamesrowe-start-spring-io-fcwvx-1[0m stage [32mfrom-build-pack[0m and container [32mworking-dir-initializer[0m

Showing logs for build [32msimonjamesrowe-start-spring-io-fcwvx-1[0m stage [32mfrom-build-pack[0m and container [32mplace-tools[0m

Showing logs for build [32msimonjamesrowe-start-spring-io-fcwvx-1[0m stage [32mfrom-build-pack[0m and container [32mstep-git-source-simonjamesrowe-start-spring-io-fcwvx-rc9q8[0m
{"level":"info","ts":1614583786.5186377,"caller":"git/git.go:105","msg":"Successfully cloned https://github.com/simonjamesrowe/start.spring.io.git @ master in path /workspace/source"}
{"level":"warn","ts":1614583786.5188062,"caller":"git/git.go:152","msg":"Unexpected error: creating symlink: symlink /tekton/home/.ssh /****/.ssh: file exists"}
{"level":"info","ts":1614583786.5766895,"caller":"git/git.go:133","msg":"Successfully initialized and updated submodules in path /workspace/source"}

Showing logs for build [32msimonjamesrowe-start-spring-io-fcwvx-1[0m stage [32mfrom-build-pack[0m and container [32mstep-setup-builder-home[0m

Showing logs for build [32msimonjamesrowe-start-spring-io-fcwvx-1[0m stage [32mfrom-build-pack[0m and container [32mstep-git-merge[0m
Using SHAs from PULL_REFS=master:ce1cc10f92ea303e5f9f9a38ebf3809ccc5856e7,2:a5a838a13f75ffa864ad439fa3dd39066b003a0c
DEBUG: LC_ALL=C JX_LOG_LEVEL=error git fetch origin --unshallow a5a838a13f75ffa864ad439fa3dd39066b003a0c: ce1cc10f92ea303e5f9f9a38ebf3809ccc5856e7:
DEBUG: ran git fetch --unshallow origin a5a838a13f75ffa864ad439fa3dd39066b003a0c: ce1cc10f92ea303e5f9f9a38ebf3809ccc5856e7: in 
DEBUG: LC_ALL=C JX_LOG_LEVEL=error git branch
DEBUG: LC_ALL=C JX_LOG_LEVEL=error git checkout master
DEBUG: ran git checkout master in 
DEBUG: LC_ALL=C JX_LOG_LEVEL=error git reset --hard ce1cc10f92ea303e5f9f9a38ebf3809ccc5856e7
DEBUG: ran git reset --hard ce1cc10f92ea303e5f9f9a38ebf3809ccc5856e7 in 
DEBUG: LC_ALL=C JX_LOG_LEVEL=error git clean -fd .
DEBUG: ran clean --force -d . in 
DEBUG: LC_ALL=C JX_LOG_LEVEL=error git merge a5a838a13f75ffa864ad439fa3dd39066b003a0c
DEBUG: ran git merge a5a838a13f75ffa864ad439fa3dd39066b003a0c in 
DEBUG: LC_ALL=C JX_LOG_LEVEL=error git log --format=%H%x1f%an%x1f%ae%x1f%cn%x1f%ce%x1f%s%n%b%x1e ce1cc10f92ea303e5f9f9a38ebf3809ccc5856e7..HEAD
Merged SHA 6d115e8c0e5fbee0804f753d44389fbfc7935ec0 with commit message 'Merge commit 'a5a838a13f75ffa864ad439fa3dd39066b003a0c'' into base branch master
Merged SHA a5a838a13f75ffa864ad439fa3dd39066b003a0c with commit message 'Update image digest in deployment.yml' into base branch master
Merged SHA f3b58625d5b045b752765f307a341631321a2b1c with commit message 'Update Spring Boot version in examples' into base branch master
Merged SHA 8598d39db7b81cacdbd9ac6b47d70cff343941f0 with commit message 'Polish' into base branch master
Merged SHA ddee8db26c03e0e9cf24fed7695d5db04d8695f3 with commit message 'Update image digest in deployment.yml' into base branch master
Merged SHA 8828c65a9f7dd5c3a85d72b10e8d9ce2427ef4af with commit message 'Fix compatibility range for Azure Spring Boot' into base branch master
Merged SHA 4804cc9b5fa9055a7945f8776c7aef63aec867f8 with commit message 'Update image digest in deployment.yml' into base branch master
Merged SHA b11e43c3243b3beed71c355cec40a029d879ff52 with commit message 'Polish' into base branch master
Merged SHA 07c4f4f1ed071e3c69ffda8721a7985215d9a5bf with commit message 'Upgrade to Solace Spring Cloud 2.0.0' into base branch master
Merged SHA d8744c90ebd55fc2e65bccf710c9ef853bc3dfe1 with commit message 'Update image digest in deployment.yml' into base branch master
Merged SHA a7f2bcc308b13f7ac10406b832852f49bc7c7b07 with commit message 'Upgrade to Testcontainers 1.15.2' into base branch master
Merged SHA f6aa1e16730663f39c0eb28326f7bae3efff1590 with commit message 'Update image digest in deployment.yml' into base branch master
Merged SHA ade74040f5370bcb19523432f5e65091d03b1cbb with commit message 'Update image digest in deployment.yml' into base branch master
Merged SHA 7516c7445bea42b98a5837907276393358d0386c with commit message 'Fix compatibility range for Geode' into base branch master
Merged SHA bc5d833e0c7234d44e26eed64a764107f286f0c2 with commit message 'Upgrade to Spring for Apache Geode 1.5.0-M2' into base branch master
Merged SHA 9ec108a86c1ade53792473b5d71289e449cf1f27 with commit message 'Upgrade to Spring for Apache Geode 1.4.3' into base branch master
Merged SHA c39c8d59d6e4987327e040681bdef202ff64971d with commit message 'Upgrade to Spring for Apache Geode 1.3.9.RELEASE' into base branch master
Merged SHA 3322d4ef4242a1108e2983a126b86d1265c52071 with commit message 'Merge pull request #645 from ZheSun88' into base branch master
Merged SHA 9d4aa1bbf7407ac990b5061dab831eb529778c81 with commit message 'Upgrade to Vaadin 14.4.8' into base branch master
Merged SHA 5b772dc1ae169ad3e8c29ad1e8cf3acf0e8891f8 with commit message 'Update image digest in deployment.yml' into base branch master
Merged SHA d2fe2027f348ea5eb60d67c4d458078b5a00d373 with commit message 'Update image digest in deployment.yml' into base branch master
Merged SHA 3ec516c64155b91da834b16fb82590e2415892c9 with commit message 'Start building against Spring Initializr 0.10.1 snapshots' into base branch master
Merged SHA 1c0681a55001294f7273c1d4e873f249b207bed7 with commit message 'Update image digest in deployment.yml' into base branch master
Merged SHA 1ba939ba1d8292b276f93aea10546b543e1d4400 with commit message 'Upgrade to Spring Boot 2.4.3' into base branch master
Merged SHA 42e7de220d5f6cd873d3477dbfe449a3f3c40c7a with commit message 'Update image digest in deployment.yml' into base branch master
Merged SHA 1503fb8d5c127d5fd042824848b4af807e8660f2 with commit message 'Update image digest in deployment.yml' into base branch master
Merged SHA 005ed76d568f8271388329103be295cf9c204ba9 with commit message 'Merge pull request #640 from davsclaus' into base branch master
Merged SHA c681a234f14f2748d969f4cefea2bd72e43f8406 with commit message ' Upgrade to Camel 3.8.0' into base branch master
Merged SHA 33926f9dd18be2fccf99c8d7963cc99d7a9539d9 with commit message 'Update image digest in deployment.yml' into base branch master
Merged SHA ba2d73db00e2797026a89110e34589426282364d with commit message 'Update image digest in deployment.yml' into base branch master
Merged SHA ca55c64d16d5d00227d75eaa691d26afde457e46 with commit message 'Update image digest in deployment.yml' into base branch master
Merged SHA 42b86bc602da6cc2e1f6554319215d23a004b371 with commit message 'Merge pull request #639 from arvindkrishnakumar-okta' into base branch master
Merged SHA 8bf4c16c92ff3ffbbaacd196f602d9613ed00d44 with commit message 'Upgrade to okta-spring-boot 2.0.1' into base branch master
Merged SHA 10d152d7a4e023c1517c1d3c5c342d2637938f8b with commit message 'Update image digest in deployment.yml' into base branch master
Merged SHA 26551dded3afda447efca751526bab70dceffb2e with commit message 'Upgrade to Spring Cloud Hoxton.SR10' into base branch master
Merged SHA 2db9effb93f22a74e850d94cc1cb07c685d99246 with commit message 'Update image digest in deployment.yml' into base branch master
Merged SHA a895d13ae966037faa8d1d4b21f0cc84bd917ed5 with commit message 'Update image digest in deployment.yml' into base branch master
Merged SHA 912015a613dd0fe015b22e235f59f1a3b507546c with commit message 'Merge pull request #637 from davsclaus' into base branch master
Merged SHA 3213a556b69accb1f66df3320a49d6f9d1a700dc with commit message 'Upgrade to Camel 3.7.2' into base branch master
Merged SHA bdbdfb6a00e0b5d763117554778d23bde7c7ac3b with commit message 'Update image digest in deployment.yml' into base branch master
Merged SHA c594779f49e74c9adf6d93b84e831e8e686aaa4f with commit message 'Update image digest in deployment.yml' into base branch master
Merged SHA 4ed517da8bbc5f60d492e6e7281f6b4915120799 with commit message 'Update image digest in deployment.yml' into base branch master
Merged SHA e3d4a785c12928863db9ced648ee3b72bd01a392 with commit message 'Merge pull request #636 from marcingrzejszczak' into base branch master
Merged SHA 29516702e60eddab9ee43ed5f0604c9fa27f4e7c with commit message 'Upgrade to Spring Cloud 2020.0.1' into base branch master
Merged SHA 724f4731eaa3cd38abf4d5e9ef4ca4802b871938 with commit message 'Update image digest in deployment.yml' into base branch master
Merged SHA a68f8ecc686356b278709799e389a42bc4548a23 with commit message 'Merge pull request #620 from OlgaMaciaszek' into base branch master
Merged SHA 15169a54ae9a670d30ee094109523accdea091fc with commit message 'Harmonize description and links for Spring Cloud Netflix dependencies' into base branch master
Merged SHA a986707f226516f4c67938cbce7c3b0277d06b72 with commit message 'Update image digest in deployment.yml' into base branch master
Merged SHA bb041e440b8694dcf3ecf8e8d96b724f67d0e8f3 with commit message 'Merge pull request #635 from ZheSun88' into base branch master
Merged SHA ee8ff92d0cf95f92bf6af97684cc0024d7409f7b with commit message 'Upgrade to Vaadin 14.4.7' into base branch master
Merged SHA 587378b68f3b7f6853755ef9705ee59526daf878 with commit message 'Update image digest in deployment.yml' into base branch master
Merged SHA d913ae954979472ccc378f1cd800cc205a5bf5cc with commit message 'Upgrade to Azure Spring 3.1.0 with Boot 2.3' into base branch master
Merged SHA b886dde879c1e386dea2451938961bbb88941af4 with commit message 'Update image digest in deployment.yml' into base branch master
Merged SHA a872b67b16c7be8cc31e06d075ce741d8fb36915 with commit message 'Update to Wavefront 2.1.0 with Boot 2.4' into base branch master
Merged SHA 1b611ea6a816ed944f2f711999b29f5317f51c84 with commit message 'Upgrade to Spring for Apache Geode 2.5.0-M1 with Boot 2.5' into base branch master
Merged SHA 2ca20c52e7b07ae9777a3c0765ce5fe3187978d0 with commit message 'Update image digest in deployment.yml' into base branch master
Merged SHA 835b06327aca2c72adce094ecc491312ba36055b with commit message 'Upgrade to Spring for Apache Geode 2.4.2 with Boot 2.4.x' into base branch master
Merged SHA 8aae5224c48f3113b8648a738c9682fe51253f63 with commit message 'Update image digest in deployment.yml' into base branch master
Merged SHA c7e9a0e4e159fb5401740f5342f57dfa2ea8667a with commit message 'Update image digest in deployment.yml' into base branch master
Merged SHA da812cd9d2b51f06817878e8af74eada11aebf22 with commit message 'Stop testing testcontainers integration against Spring Data Solr' into base branch master
Merged SHA 2cf63e94595efcdfdf537f4914f1279ae8fa941d with commit message 'Fix compatibility range for Spring Data Solr' into base branch master
Merged SHA 0522f41dd5fc844abfc5e5d9528796381e77e7b0 with commit message 'Update image digest in deployment.yml' into base branch master
Merged SHA 3d800c6cbe1a768e3940e157dd0affff4dae4afc with commit message 'Merge pull request #630 from davsclaus' into base branch master
Merged SHA 117ea2221cb4aabb6771de2da4d1c6811cb22cc6 with commit message 'Upgrade to Apache Camel 3.7.1' into base branch master
Merged SHA 71e47f23039b0a4e383a5fccea2cf6ccc44aa5c5 with commit message 'Update image digest in deployment.yml' into base branch master
Merged SHA f336d9d830fc6f1cd3806f293763f23e9c23c98e with commit message 'Update image digest in deployment.yml' into base branch master
Merged SHA f43bda3cdd3be489aa8ce207fb10c6360aeefdd5 with commit message 'Upgrade to Spring for Apache Geode 1.3.8.RELEASE for Boot 2.3 projects' into base branch master
Merged SHA ad511e7dd426e55944a550f471fd089c6bdc69b9 with commit message 'Update image digest in deployment.yml' into base branch master
Merged SHA e85eb3949adcf6685767f3e43fd73afe8fcbd668 with commit message 'Improve getting started experience with Vaadin' into base branch master
Merged SHA bc4113dcfcb877b2f2ced6f6e2be7e1acfb96268 with commit message 'Update image digest in deployment.yml' into base branch master
Merged SHA 74dbec3cf27f942deb729069b00d0efd40a8342a with commit message 'Remove outdated bom metadata for Spring state machine' into base branch master
Merged SHA 82adb484711bf105f8720202673505483b3b9b4f with commit message 'Fix mapping for Geode' into base branch master
Merged SHA 9d411f21d2c2c35d593039fc43105615d75733b6 with commit message 'Upgrade to Spring for Apache Geode 1.4.1' into base branch master
Merged SHA d3d89ee3a1287671bf7fc967565e72a0acddb1f0 with commit message 'Remove trailing whitespace' into base branch master
Merged SHA 626ca043eb024b36469506fff4e5b31aef2ca5a0 with commit message 'Update image digest in deployment.yml' into base branch master
Merged SHA db015753e2dd448101459e4b19268b434ae5ce69 with commit message 'Upgrade to Spring Boot 2.4.2' into base branch master
Merged SHA 9499ed1aef3dba4488e4a4326229286727b6eb80 with commit message 'Update image digest in deployment.yml' into base branch master
Merged SHA 8e9688518326a460e4c623d20cfffb654f254a36 with commit message 'Upgrade to Dependency Management Plugin 1.0.11.RELEASE' into base branch master
Merged SHA 7cb3f5542a983a6020a345896b093e9ffdb6d04d with commit message 'Update image digest in deployment.yml' into base branch master
Merged SHA 10f817e18958f09a53c7e96bc670ab512a003882 with commit message 'Update image digest in deployment.yml' into base branch master
Merged SHA c1438feb35f567433d85b341d9ec495659f9227a with commit message 'Update image digest in deployment.yml' into base branch master
Merged SHA 11a5aee09c2aa10271b436af5557889a078b2706 with commit message 'Merge pull request #619 from ZheSun88' into base branch master
Merged SHA d1fc64accb1ac11a84e659978cab4214c3999a30 with commit message 'Upgrade to Vaadin 14.4.6' into base branch master
Merged SHA c93225020acdb693bd62739048f4d4982cc1cc70 with commit message 'Polish entries description in the Observability group' into base branch master
Merged SHA b75b2c7d69815462f93d42d6094b1ca5b132c570 with commit message 'Update image digest in deployment.yml' into base branch master
Merged SHA 3edbd5d362b864e6a5513ac73f068d8c8bc66a2c with commit message 'Move distributed tracing entries to Observability group' into base branch master
Merged SHA c0abc7e660f956b6d18ddd8018709a745dd2d7b5 with commit message 'Update image digest in deployment.yml' into base branch master
Merged SHA c6ae2f67d61d178e5c1d5d4c690aca18c8219e77 with commit message 'Upgrade to Spring Cloud GCP 2.0.0' into base branch master
Merged SHA 0f5b9740e5b36807bb1ab274d1283aff987f6500 with commit message 'Merge pull request #613 from plamentotev' into base branch master
Merged SHA e07f9e60f936243c1a6b070d028a8234d5fc43ae with commit message 'Fix Spring Cloud Contract Gradle plugin configuration' into base branch master
Merged SHA 115aad418321d53b2de70a127ed9c03d531b0468 with commit message 'Update image digest in deployment.yml' into base branch master
Merged SHA ea49956f6b77926a53a55a573398034b60e60228 with commit message 'Revert "Adapt CI build image job to registry-image resources"' into base branch master
Merged SHA 40aa0b07b9b730d1b6d0ca38bd0c95a7fe8800f3 with commit message 'Update image digest in deployment.yml' into base branch master
Merged SHA 4962a2511a6f207e260cbe62aa7b8d853dfba4a2 with commit message 'Update image digest in deployment.yml' into base branch master
Merged SHA d7632d70c96b0a1eb042f26fc86111377722c7ad with commit message 'Adapt CI build image job to registry-image resources' into base branch master
Merged SHA 523b51a9163f50bde246d17e2e29099ac00f142b with commit message 'Move compatibility range to Spring Boot 2.2' into base branch master
Merged SHA 13eceedfc4f0be6f5718b210153e374c3a72bf77 with commit message 'Use configtree instead of env variable for elastic uri' into base branch master
Merged SHA 2e56cdf80c63237b6788661374ba8e8bfb25f582 with commit message 'Update image digest in deployment.yml' into base branch master
Merged SHA 4ede1f83f4e857a1b83ce0ad277051003cc28063 with commit message 'Update image digest in deployment.yml' into base branch master
Merged SHA 3e2ac1abc157e25c68b39b7e03b1bfc1e23adae9 with commit message 'Upgrade to Azure Spring 3.0.0' into base branch master
Merged SHA 39de9ddbba70309041c407eb95bf3f0f0f97d4ff with commit message 'Update image digest in deployment.yml' into base branch master
Merged SHA bbe8bf8e11f2957ef56c701820eb80061cccf394 with commit message 'Merge pull request #605 from artembilan' into base branch master
Merged SHA 39b63f830209a31a30d17da1ef3dffdb9f3eb683 with commit message 'Polish "Include Spring Integration specific module when appropriate"' into base branch master
Merged SHA 95f278e4ba72a342a4a51686321dd4f52157c065 with commit message 'Include Spring Integration specific module when appropriate' into base branch master
Merged SHA 200c167b479ef3d8ee202a16350834321535a249 with commit message 'Polish' into base branch master
Merged SHA 1cfafcf0b3ab761bcaddbffb779ab1f65867031d with commit message 'Add implicit dependency support' into base branch master
Merged SHA 73946a63b0667a505fe7587622b68662e7e82f5b with commit message 'Update image digest in deployment.yml' into base branch master
Merged SHA 23cb94b574df69e21a696be78ad43f44ba3aa43e with commit message 'Update image digest in deployment.yml' into base branch master
Merged SHA 2d1145cf248875e601bdc1568a7fa1961506cb54 with commit message 'Upgrade to Testcontainers 1.15.1' into base branch master
Merged SHA 9fab3e4d4b2f002f02b156fe763105745e246529 with commit message 'Update image digest in deployment.yml' into base branch master
Merged SHA d5fc221de3b83f30bbc9759281ef8b8d2107bb6b with commit message 'Polish' into base branch master
Merged SHA 79061ae49f1b229075c6fcaf6fc670cbcccf098d with commit message 'Update image digest in deployment.yml' into base branch master
Merged SHA c1a1c01026553036910e91c8efeaa91eefbd907a with commit message 'Merge pull request #603 from arvindkrishnakumar-okta' into base branch master
Merged SHA 79d29efd7346805e67babc0ccb9f6dd98d7419a6 with commit message 'Upgrade to Okta Spring Boot 2.0.0' into base branch master

Showing logs for build [32msimonjamesrowe-start-spring-io-fcwvx-1[0m stage [32mfrom-build-pack[0m and container [32mstep-build-yarn-build[0m
yarn install v1.17.3
[1/4] Resolving packages...
[2/4] Fetching packages...
info fsevents@1.2.13: The platform "linux" is incompatible with this module.
info "fsevents@1.2.13" is an optional dependency and failed compatibility check. Excluding it from installation.
info fsevents@2.1.3: The platform "linux" is incompatible with this module.
info "fsevents@2.1.3" is an optional dependency and failed compatibility check. Excluding it from installation.
[3/4] Linking dependencies...
[4/4] Building fresh packages...
Done in 104.83s.
yarn run v1.17.3
$ yarn run test
$ jest --reporters=jest-standard-reporter
PASS src/components/utils/__tests__/Version.js (10.19s)
PASS src/components/utils/__tests__/Zip.js (11.564s)
PASS src/components/reducer/__tests__/App.js (13.159s)
PASS src/components/utils/__tests__/ApiUtils.js (13.67s)
PASS src/components/reducer/__tests__/Initializr.js (13.97s)
Test Suites: 5 passed, 5 total
Tests:       50 passed, 50 total
Snapshots:   0 total
Time:        26.967s
$ webpack -p --config webpack.prod.js
Webpack Bundle Analyzer saved report to /workspace/source/start-client/analysis/bundle-analyzer.html
Webpack Bundle Analyzer saved stats file to /workspace/source/start-client/analysis/stats.json
Hash: 93102dd0543e34ac71d7
Version: webpack 4.44.2
Time: 52596ms
Built at: 03/01/2021 7:33:00 AM
                                            Asset       Size  Chunks                                Chunk Names
                    chunk-21f38145a54f20b1c28e.js   26.3 KiB       5  [emitted] [immutable]         
                chunk-21f38145a54f20b1c28e.js.map   47.9 KiB       5  [emitted] [dev]               
                    chunk-31dcd3616ea8f2668049.js  695 bytes       7  [emitted] [immutable]         
                chunk-31dcd3616ea8f2668049.js.map   1.63 KiB       7  [emitted] [dev]               
                    chunk-6f6bc768abe632282c19.js   14.1 KiB       4  [emitted] [immutable]         
                chunk-6f6bc768abe632282c19.js.map     33 KiB       4  [emitted] [dev]               
                    chunk-a00ec45c37048c850cd9.js   62.6 KiB       6  [emitted] [immutable]         
                chunk-a00ec45c37048c850cd9.js.map    154 KiB       6  [emitted] [dev]               
                    chunk-a22970f07057db98888b.js    206 KiB       2  [emitted] [immutable]         vendors~main
                chunk-a22970f07057db98888b.js.map    673 KiB       2  [emitted] [dev]               vendors~main
                    chunk-c13cd5d1d9ae4d20894d.js    108 KiB       0  [emitted] [immutable]         main
                chunk-c13cd5d1d9ae4d20894d.js.map    193 KiB       0  [emitted] [dev]               main
                    chunk-c95a5fc6658a72cb4ace.js    254 KiB       3  [emitted] [immutable]  [big]  
                chunk-c95a5fc6658a72cb4ace.js.map    819 KiB       3  [emitted] [dev]               
       fonts/09bd29d95e1e8ae765e3ecb5073e0793.eot   31.2 KiB          [emitted]                     
      fonts/155a389656cf8e3d88b8fd20c19c5873.woff   29.1 KiB          [emitted]                     
       fonts/2fdab0fac9c9b2d4e925fd62951aceac.eot   31.4 KiB          [emitted]                     
     fonts/372fc7d16a6da93d61dd2c8014c847d6.woff2   25.7 KiB          [emitted]                     
       fonts/4614897647dc6f2781d2229cdf78b103.eot   31.1 KiB          [emitted]                     
      fonts/59b8a9b2d8cbcc586ceade848b2d49ca.woff     29 KiB          [emitted]                     
      fonts/67ef196488282fd58ff05a84701eecc8.woff   26.2 KiB          [emitted]                     
     fonts/7b9a798c0a745aa9b5fec632bfccaad7.woff2   23.6 KiB          [emitted]                     
       fonts/8e2a93024d54fc1eec8cc75fcbed9815.eot   28.2 KiB          [emitted]                     
     fonts/904e6f24d27eb112a88836a62bbb21ab.woff2   23.3 KiB          [emitted]                     
     fonts/a4c4274ea3e155c9a0e0877734e5babb.woff2   25.8 KiB          [emitted]                     
       fonts/a8772e6a02a9637dbace3dc3fdad244c.eot   28.4 KiB          [emitted]                     
      fonts/ad138f3640cf29792138cc8433e9b4c4.woff   26.1 KiB          [emitted]                     
       fonts/bbd8bdebb355a7c636cb50f142107013.eot   30.8 KiB          [emitted]                     
      fonts/c51e5447c82d9a7146495454509948bd.woff   28.6 KiB          [emitted]                     
      fonts/c9052976e063161a469889bd78956744.woff   29.2 KiB          [emitted]                     
     fonts/dc6926c36da3e0c92f173fde539a9fdc.woff2   25.8 KiB          [emitted]                     
     fonts/f193bc290b53e92268366b8d89e31e66.woff2   25.3 KiB          [emitted]                     
icon_144x144.7d360c62a3c2b77823306d48e19a144b.png   6.16 KiB          [emitted]                     
icon_192x192.98128bd6ffa452257a0ac3d987a6531f.png   8.35 KiB          [emitted]                     
icon_256x256.c6962b614f04a9d14dc81291da58638a.png   10.4 KiB          [emitted]                     
icon_384x384.6d0e437c65dff219d4e3bba28508dbc6.png   19.2 KiB          [emitted]                     
  icon_48x48.e70b0aaadc8c98fded16e8f57f176cbe.png   1.82 KiB          [emitted]                     
icon_512x512.58cec44120042452e6c8ecfc15524373.png   21.3 KiB          [emitted]                     
  icon_72x72.cdd9c12f7f1033478ee4991d6c91d829.png   2.84 KiB          [emitted]                     
  icon_96x96.03663061806a918699d5042f475affc4.png   3.87 KiB          [emitted]                     
                            images/icon-48x48.png   2.61 KiB          [emitted]                     
                       images/initializr-card.jpg   16.3 KiB          [emitted]                     
                                       index.html   4.04 KiB          [emitted]                     
                     main-93102dd0543e34ac71d7.js   2.38 KiB       1  [emitted] [immutable]         runtime~main
                 main-93102dd0543e34ac71d7.js.map   12.3 KiB       1  [emitted] [dev]               runtime~main
   manifest.e179eb23738df16d5953fa80095a71ad.json   1.31 KiB          [emitted]                     
Entrypoint main [big] = main-93102dd0543e34ac71d7.js main-93102dd0543e34ac71d7.js.map chunk-a22970f07057db98888b.js chunk-a22970f07057db98888b.js.map chunk-c13cd5d1d9ae4d20894d.js chunk-c13cd5d1d9ae4d20894d.js.map
  [4] ./src/components/reducer/App.js + 1 modules 5.57 KiB {0} [built]
      |    2 modules
  [5] ./src/components/common/icons/index.js + 2 modules 16.2 KiB {0} [built]
      |    3 modules
 [10] ./src/components/common/form/index.js + 4 modules 5.54 KiB {0} [built]
      |    5 modules
 [24] ./src/components/common/dependency/index.js + 4 modules 15.3 KiB {0} [built]
      |    5 modules
 [25] (webpack)/buildin/global.js 472 bytes {2} [built]
 [30] ./src/components/common/builder/index.js + 9 modules 20.7 KiB {0} [built]
      |    10 modules
 [32] ./node_modules/react-transition-group/esm/Transition.js + 1 modules 18.2 KiB {2} [built]
      |    2 modules
 [42] ./src/Extend.json 971 bytes {0} [built]
 [49] ./src/styles/app.scss 567 bytes {0} [built]
 [50] ./node_modules/css-loader/dist/cjs.js!./node_modules/sass-loader/dist/cjs.js!./src/styles/app.scss 48.6 KiB {0} [built]
 [52] ./src/fonts/metropolis-regular-webfont.eot 88 bytes {0} [built]
 [53] ./src/fonts/metropolis-regular-webfont.woff2 90 bytes {0} [built]
[102] ./src/App.js + 10 modules 37 KiB {0} [built]
      | ./src/App.js 743 bytes [built]
      |     + 10 hidden modules
[231] ./src/components/common/explore/Explore.js + 4 modules 22.4 KiB {5} [built]
      |    5 modules
[232] ./src/components/common/share/Share.js + 1 modules 4.92 KiB {4} [built]
      |    2 modules
    + 220 hidden modules

WARNING in asset size limit: The following asset(s) exceed the recommended size limit (244 KiB).
This can im**** web performance.
Assets: 
  chunk-c95a5fc6658a72cb4ace.js (254 KiB)

WARNING in entrypoint size limit: The following entrypoint(s) combined asset size exceeds the recommended limit (244 KiB). This can im**** web performance.
Entrypoints:
  main (316 KiB)
      main-93102dd0543e34ac71d7.js
      chunk-a22970f07057db98888b.js
      chunk-c13cd5d1d9ae4d20894d.js

Child html-webpack-plugin for "index.html":
     1 asset
    Entrypoint undefined = index.html
    [0] ./node_modules/html-webpack-plugin/lib/loader.js!./static/index.html 6.41 KiB {0} [built]
    [2] (webpack)/buildin/global.js 472 bytes {0} [built]
    [3] (webpack)/buildin/module.js 497 bytes {0} [built]
        + 1 hidden module
Done in 91.53s.

Showing logs for build [32msimonjamesrowe-start-spring-io-fcwvx-1[0m stage [32mfrom-build-pack[0m and container [32mstep-build-maven-build[0m
Picked up _JAVA_OPTIONS: -XX:+UnlockExperimentalVMOptions -Dsun.zip.disableMemoryMapping=true -XX:+UseParallelGC -XX:MinHeapFreeRatio=5 -XX:MaxHeapFreeRatio=10 -XX:GCTimeRatio=4 -XX:AdaptiveSizePolicyWeight=90 -Xms10m -Xmx192m
[INFO] Scanning for projects...
[INFO] ------------------------------------------------------------------------
[INFO] Reactor Build Order:
[INFO] 
[INFO] start.spring.io                                                    [pom]
[INFO] start.spring.io client                                             [jar]
[INFO] start.spring.io website                                            [jar]
[INFO] 
[INFO] --------------------< io.spring.start:start-parent >--------------------
[INFO] Building start.spring.io 0.0.1-SNAPSHOT                            [1/3]
[INFO] --------------------------------[ pom ]---------------------------------
[INFO] 
[INFO] --- flatten-maven-plugin:1.1.0:flatten (flatten) @ start-parent ---
[INFO] Generating flattened POM of project io.spring.start:start-parent:pom:0.0.1-SNAPSHOT...
[INFO] 
[INFO] --- maven-install-plugin:2.5.2:install (default-install) @ start-parent ---
[INFO] Installing /workspace/source/.flattened-pom.xml to /home/jenkins/.mvnrepository/io/spring/start/start-parent/0.0.1-SNAPSHOT/start-parent-0.0.1-SNAPSHOT.pom
[INFO] 
[INFO] --------------------< io.spring.start:start-client >--------------------
[INFO] Building start.spring.io client 0.0.1-SNAPSHOT                     [2/3]
[INFO] --------------------------------[ jar ]---------------------------------
[INFO] 
[INFO] --- maven-resources-plugin:3.1.0:resources (default-resources) @ start-client ---
[INFO] Using 'UTF-8' encoding to copy filtered resources.
[INFO] skip non existing resourceDirectory /workspace/source/start-client/src/main/resources
[INFO] skip non existing resourceDirectory /workspace/source/start-client/src/main/resources
[INFO] 
[INFO] --- flatten-maven-plugin:1.1.0:flatten (flatten) @ start-client ---
[INFO] Generating flattened POM of project io.spring.start:start-client:jar:0.0.1-SNAPSHOT...
[INFO] 
[INFO] --- maven-compiler-plugin:3.8.1:compile (default-compile) @ start-client ---
[INFO] No sources to compile
[INFO] 
[INFO] --- maven-resources-plugin:3.1.0:testResources (default-testResources) @ start-client ---
[INFO] Using 'UTF-8' encoding to copy filtered resources.
[INFO] skip non existing resourceDirectory /workspace/source/start-client/src/test/resources
[INFO] 
[INFO] --- maven-compiler-plugin:3.8.1:testCompile (default-testCompile) @ start-client ---
[INFO] No sources to compile
[INFO] 
[INFO] --- maven-surefire-plugin:3.0.0-M1:test (default-test) @ start-client ---
[INFO] Tests are skipped.
[INFO] 
[INFO] --- maven-resources-plugin:3.1.0:copy-resources (copy-resources) @ start-client ---
[INFO] Using 'UTF-8' encoding to copy filtered resources.
[INFO] Copying 46 resources
[INFO] 
[INFO] --- maven-jar-plugin:3.2.0:jar (default-jar) @ start-client ---
[INFO] Building jar: /workspace/source/start-client/target/start-client-0.0.1-SNAPSHOT.jar
[INFO] 
[INFO] --- maven-install-plugin:2.5.2:install (default-install) @ start-client ---
[INFO] Installing /workspace/source/start-client/target/start-client-0.0.1-SNAPSHOT.jar to /home/jenkins/.mvnrepository/io/spring/start/start-client/0.0.1-SNAPSHOT/start-client-0.0.1-SNAPSHOT.jar
[INFO] Installing /workspace/source/start-client/.flattened-pom.xml to /home/jenkins/.mvnrepository/io/spring/start/start-client/0.0.1-SNAPSHOT/start-client-0.0.1-SNAPSHOT.pom
[INFO] 
[INFO] ---------------------< io.spring.start:start-site >---------------------
[INFO] Building start.spring.io website 0.0.1-SNAPSHOT                    [3/3]
[INFO] --------------------------------[ jar ]---------------------------------
[INFO] 
[INFO] --- git-commit-id-plugin:3.0.1:revision (default) @ start-site ---
[INFO] dotGitDirectory /workspace/source/.git
[WARNING] Exception caught during execution of command '[git, config, --system, --edit]' in '/usr/local/git/bin', return code '128', error message 'fatal: Invalid path '/usr/local/git/etc': No such file or directory
'
[INFO] Collected git.build.user.name with value jenkins-x-bot
[INFO] Collected git.build.user.email with value jenkins-x@googlegroups.com
[INFO] Collected git.branch with value master
[INFO] --always = true
[INFO] --dirty = -dirty
[INFO] --abbrev = 7
[INFO] Tag refs [[]]
[INFO] Created map: [{}]
[INFO] evalCommit is [6d115e8c0e5fbee0804f753d44389fbfc7935ec0]
[INFO] Collected git.commit.id.describe with value 6d115e8
[INFO] Collected git.commit.id.describe-short with value 6d115e8
[INFO] Collected git.commit.id with value 6d115e8c0e5fbee0804f753d44389fbfc7935ec0
[INFO] Collected git.commit.id.abbrev with value 6d115e8
[INFO] Collected git.dirty with value false
[INFO] Collected git.commit.user.name with value jenkins-x-bot
[INFO] Collected git.commit.user.email with value jenkins-x@googlegroups.com
[INFO] Collected git.commit.message.full with value Merge commit 'a5a838a13f75ffa864ad439fa3dd39066b003a0c'
[INFO] Collected git.commit.message.short with value Merge commit 'a5a838a13f75ffa864ad439fa3dd39066b003a0c'
[INFO] Collected git.commit.time with value 2021-03-01T07:29:49+0000
[INFO] Collected git.remote.origin.url with value https://github.com/simonjamesrowe/start.spring.io.git
[INFO] Collected git.tags with value 
[INFO] evalCommit is [6d115e8c0e5fbee0804f753d44389fbfc7935ec0]
[INFO] Tag refs [[]]
[INFO] Created map: [{}]
[INFO] Collected git.closest.tag.name with value 
[INFO] evalCommit is [6d115e8c0e5fbee0804f753d44389fbfc7935ec0]
[INFO] Tag refs [[]]
[INFO] Created map: [{}]
[INFO] Collected git.closest.tag.commit.count with value 
[INFO] Collected git.total.commit.count with value 1269
[INFO] Collected git.local.branch.ahead with value NO_REMOTE
[INFO] Collected git.local.branch.behind with value NO_REMOTE
[INFO] Collected git.build.time with value 2021-03-01T07:34:52+0000
[INFO] Collected git.build.version with value 0.0.1-SNAPSHOT
[INFO] Collected git.build.host with value simonjamesrowe-start-spring-io-fcwvx-1-from-build-pack-vz-8gqxh
[INFO] including property git.tags in results
[INFO] including property git.closest.tag.commit.count in results
[INFO] including property git.build.version in results
[INFO] including property git.commit.user.name in results
[INFO] including property git.commit.id.abbrev in results
[INFO] including property git.branch in results
[INFO] including property git.build.host in results
[INFO] including property git.commit.id.describe-short in results
[INFO] including property git.total.commit.count in results
[INFO] including property git.commit.id.describe in results
[INFO] including property git.build.user.email in results
[INFO] including property git.commit.id in results
[INFO] including property git.commit.message.short in results
[INFO] including property git.commit.user.email in results
[INFO] including property git.closest.tag.name in results
[INFO] including property git.local.branch.ahead in results
[INFO] including property git.commit.time in results
[INFO] including property git.local.branch.behind in results
[INFO] including property git.build.time in results
[INFO] including property git.build.user.name in results
[INFO] including property git.dirty in results
[INFO] including property git.commit.message.full in results
[INFO] including property git.remote.origin.url in results
[INFO] Writing properties file to [/workspace/source/start-site/target/classes/git.properties] (for module start.spring.io website)...
[INFO] 
[INFO] --- spring-boot-maven-plugin:2.4.3:build-info (build-info) @ start-site ---
[INFO] 
[INFO] --- maven-resources-plugin:3.1.0:resources (default-resources) @ start-site ---
[INFO] Using 'UTF-8' encoding to copy filtered resources.
[INFO] Copying 1 resource
[INFO] Copying 27 resources
[INFO] 
[INFO] --- flatten-maven-plugin:1.1.0:flatten (flatten) @ start-site ---
[INFO] Generating flattened POM of project io.spring.start:start-site:jar:0.0.1-SNAPSHOT...
[INFO] 
[INFO] --- maven-compiler-plugin:3.8.1:compile (default-compile) @ start-site ---
[INFO] Changes detected - recompiling the module!
[INFO] Compiling 103 source files to /workspace/source/start-site/target/classes
[INFO] 
[INFO] --- maven-resources-plugin:3.1.0:testResources (default-testResources) @ start-site ---
[INFO] Using 'UTF-8' encoding to copy filtered resources.
[INFO] Copying 3 resources
[INFO] 
[INFO] --- maven-compiler-plugin:3.8.1:testCompile (default-testCompile) @ start-site ---
[INFO] Changes detected - recompiling the module!
[INFO] Compiling 58 source files to /workspace/source/start-site/target/test-classes
[INFO] 
[INFO] --- maven-surefire-plugin:3.0.0-M1:test (default-test) @ start-site ---
[INFO] Tests are skipped.
[INFO] 
[INFO] --- maven-jar-plugin:3.2.0:jar (default-jar) @ start-site ---
[INFO] Building jar: /workspace/source/start-site/target/start-site.jar
[INFO] 
[INFO] --- spring-boot-maven-plugin:2.4.3:repackage (repackage) @ start-site ---
[INFO] Attaching repackaged archive /workspace/source/start-site/target/start-site-exec.jar with classifier exec
[INFO] 
[INFO] --- maven-install-plugin:2.5.2:install (default-install) @ start-site ---
[INFO] Installing /workspace/source/start-site/target/start-site.jar to /home/jenkins/.mvnrepository/io/spring/start/start-site/0.0.1-SNAPSHOT/start-site-0.0.1-SNAPSHOT.jar
[INFO] Installing /workspace/source/start-site/.flattened-pom.xml to /home/jenkins/.mvnrepository/io/spring/start/start-site/0.0.1-SNAPSHOT/start-site-0.0.1-SNAPSHOT.pom
[INFO] Installing /workspace/source/start-site/target/start-site-exec.jar to /home/jenkins/.mvnrepository/io/spring/start/start-site/0.0.1-SNAPSHOT/start-site-0.0.1-SNAPSHOT-exec.jar
[INFO] ------------------------------------------------------------------------
[INFO] Reactor Summary for start.spring.io 0.0.1-SNAPSHOT:
[INFO] 
[INFO] start.spring.io .................................... SUCCESS [  8.055 s]
[INFO] start.spring.io client ............................. SUCCESS [  5.406 s]
[INFO] start.spring.io website ............................ SUCCESS [01:33 min]
[INFO] ------------------------------------------------------------------------
[INFO] BUILD SUCCESS
[INFO] ------------------------------------------------------------------------
[INFO] Total time:  01:58 min
[INFO] Finished at: 2021-03-01T07:35:11Z
[INFO] ------------------------------------------------------------------------

Showing logs for build [32msimonjamesrowe-start-spring-io-fcwvx-1[0m stage [32mfrom-build-pack[0m and container [32mstep-build-skaffold-version[0m
v1.0.1

Showing logs for build [32msimonjamesrowe-start-spring-io-fcwvx-1[0m stage [32mfrom-build-pack[0m and container [32mstep-build-container-build[0m
[36mINFO[0m[0000] Retrieving image manifest openjdk:11-jre-slim 
[36mINFO[0m[0002] Retrieving image manifest openjdk:11-jre-slim 
[36mINFO[0m[0003] Built cross stage deps: map[]                
[36mINFO[0m[0003] Retrieving image manifest openjdk:11-jre-slim 
[36mINFO[0m[0004] Retrieving image manifest openjdk:11-jre-slim 
[36mINFO[0m[0004] Executing 0 build triggers                   
[36mINFO[0m[0004] cmd: EXPOSE                                  
[36mINFO[0m[0004] Adding exposed port: 8080/tcp                
[36mINFO[0m[0004] Resolving srcs [pom.xml target/lib*]...      
[36mINFO[0m[0005] Checking for cached layer harbor.simonjamesrowe.com/todo/cache:b1ca5bbf1ea0c394e0321dc08a871f9de0241a3d0b99243f7157641bc8f0237c... 
[36mINFO[0m[0005] No cached layer found for cmd COPY pom.xml target/lib* /opt/lib/ 
[36mINFO[0m[0005] Unpacking ****fs as cmd COPY pom.xml target/lib* /opt/lib/ requires it. 
[36mINFO[0m[0013] ENV PORT 8080                                
[36mINFO[0m[0013] No files changed in this command, skipping snapshotting. 
[36mINFO[0m[0013] ENV CLASSPATH /opt/lib                       
[36mINFO[0m[0013] No files changed in this command, skipping snapshotting. 
[36mINFO[0m[0013] EXPOSE 8080                                  
[36mINFO[0m[0013] cmd: EXPOSE                                  
[36mINFO[0m[0013] Adding exposed port: 8080/tcp                
[36mINFO[0m[0013] No files changed in this command, skipping snapshotting. 
[36mINFO[0m[0013] Resolving srcs [pom.xml target/lib*]...      
[36mINFO[0m[0014] COPY pom.xml target/lib* /opt/lib/           
[36mINFO[0m[0014] Resolving srcs [pom.xml target/lib*]...      
[36mINFO[0m[0016] Resolving 1 paths                            
[36mINFO[0m[0016] Taking snapshot of files...                  
[36mINFO[0m[0016] RUN mkdir -p /opt/templates                  
[36mINFO[0m[0016] Taking snapshot of full filesystem...        
[36mINFO[0m[0016] Pushing layer harbor.simonjamesrowe.com/todo/cache:b1ca5bbf1ea0c394e0321dc08a871f9de0241a3d0b99243f7157641bc8f0237c to cache now 
[36mINFO[0m[0018] Resolving 5543 paths                         
[36mINFO[0m[0019] cmd: /bin/sh                                 
[36mINFO[0m[0019] args: [-c mkdir -p /opt/templates]           
[36mINFO[0m[0019] Running: [/bin/sh -c mkdir -p /opt/templates] 
[36mINFO[0m[0019] Taking snapshot of full filesystem...        
[36mINFO[0m[0020] Resolving 5544 paths                         
[36mINFO[0m[0021] Pushing layer harbor.simonjamesrowe.com/todo/cache:4ab11dbcc4e1605dc1ab83448c9d24a4b91b6dfc705d5bb10849d5d4e95786e1 to cache now 
[36mINFO[0m[0021] COPY start-site/src/main/resources/templates /opt/templates 
[36mINFO[0m[0021] Resolving 33 paths                           
[36mINFO[0m[0021] Taking snapshot of files...                  
[36mINFO[0m[0021] Pushing layer harbor.simonjamesrowe.com/todo/cache:dab3de979dbadc8f5a27b23c2967c18b252cccd9a6a85ae93c1bf93dab4bab9e to cache now 
[36mINFO[0m[0021] COPY start-site/target/start-site-exec.jar /opt/app.jar 
[36mINFO[0m[0021] Resolving 1 paths                            
[36mINFO[0m[0021] Taking snapshot of files...                  
[36mINFO[0m[0023] ENV TEMPLATE_ROOT_PATH=/opt                  
[36mINFO[0m[0023] No files changed in this command, skipping snapshotting. 
[36mINFO[0m[0023] WORKDIR /opt                                 
[36mINFO[0m[0023] cmd: workdir                                 
[36mINFO[0m[0023] Changed working directory to /opt            
[36mINFO[0m[0023] No files changed in this command, skipping snapshotting. 
[36mINFO[0m[0023] CMD ["java", "-jar", "app.jar"]              
[36mINFO[0m[0023] No files changed in this command, skipping snapshotting. 
[36mINFO[0m[0023] Pushing layer harbor.simonjamesrowe.com/todo/cache:d3bb49624adaa056a8971ab730d43b837820aa192e019d6c0e25f58dad50dc90 to cache now 
[33mWARN[0m[0023] error uploading layer to cache: failed to push to destination harbor.simonjamesrowe.com/todo/cache:b1ca5bbf1ea0c394e0321dc08a871f9de0241a3d0b99243f7157641bc8f0237c: HEAD https://harbor.simonjamesrowe.com/v2/todo/cache/blobs/sha256:cb75cdae4a00313813e1aea030b9d12cb0295da4152c84344056f171e96588c9: unsupported status code 401 

Showing logs for build [32msimonjamesrowe-start-spring-io-fcwvx-1[0m stage [32mfrom-build-pack[0m and container [32mstep-postbuild-post-build[0m
no CVE provider running in the current ** namespace so skip adding image to be analysed

Showing logs for build [32msimonjamesrowe-start-spring-io-fcwvx-1[0m stage [32mfrom-build-pack[0m and container [32mstep-promote-make-preview[0m
sed -i -e "s/version:.*/version: 0.0.0-SNAPSHOT-PR-2-1/" Chart.yaml
sed -i -e "s/version:.*/version: 0.0.0-SNAPSHOT-PR-2-1/" ../*/Chart.yaml
sed -i -e "s|repository:.*|repository: harbor.simonjamesrowe.com\/simonjamesrowe\/start|" values.yaml
sed -i -e "s/tag:.*/tag: 0.0.0-SNAPSHOT-PR-2-1/" values.yaml
echo "  version: 0.0.0-SNAPSHOT-PR-2-1" >> requirements.yaml
** step helm build
WARNING: No $CHART_REPOSITORY defined so using the default value of: http://jenkins-x-chartmuseum:8080
Adding missing Helm repo: storage.googleapis.com https://storage.googleapis.com/chartmuseum.jenkins-x.io
Successfully added Helm repository storage.googleapis.com.
Adding missing Helm repo: jenkins-x-chartmuseum http://jenkins-x-chartmuseum:8080
Successfully added Helm repository jenkins-x-chartmuseum.
WARNING: No $CHART_REPOSITORY defined so using the default value of: http://jenkins-x-chartmuseum:8080
Adding missing Helm repo: chartmuseum.jenkins-x.io http://chartmuseum.jenkins-x.io
Successfully added Helm repository chartmuseum.jenkins-x.io.

Showing logs for build [32msimonjamesrowe-start-spring-io-fcwvx-1[0m stage [32mfrom-build-pack[0m and container [32mstep-promote-jx-preview[0m
Creating a preview
Created environment simonjamesrowe-start-spring-io-pr-2
Namespace **-simonjamesrowe-start-spring-io-pr-2 created 
expose:
  Annotations:
    helm.sh/hook: post-install,post-upgrade
    helm.sh/hook-delete-policy: hook-succeeded
  config:
    domain: simonjamesrowe.com
    exposer: Ingress
    http: "true"
preview:
  image:
    repository: harbor.simonjamesrowe.com/simonjamesrowe/start.spring.io
    tag: 0.0.0-SNAPSHOT-PR-2-1

Updating PipelineActivities simonjamesrowe-start-spring-io-pr-2-1 which has status Running
WARNING: preview application http://start.**-simonjamesrowe-start-spring-io-pr-2.simonjamesrowe.com not available, error was 503 503 Service Unavailable, delaying for: 783.034151ms
WARNING: preview application http://start.**-simonjamesrowe-start-spring-io-pr-2.simonjamesrowe.com not available, error was 503 503 Service Unavailable, delaying for: 1.195623845s
WARNING: preview application http://start.**-simonjamesrowe-start-spring-io-pr-2.simonjamesrowe.com not available, error was 503 503 Service Unavailable, delaying for: 3.319293643s
WARNING: preview application http://start.**-simonjamesrowe-start-spring-io-pr-2.simonjamesrowe.com not available, error was 503 503 Service Unavailable, delaying for: 2.627463223s
WARNING: preview application http://start.**-simonjamesrowe-start-spring-io-pr-2.simonjamesrowe.com not available, error was 503 503 Service Unavailable, delaying for: 7.058956255s
WARNING: preview application http://start.**-simonjamesrowe-start-spring-io-pr-2.simonjamesrowe.com not available, error was 503 503 Service Unavailable, delaying for: 9.43029054s
WARNING: preview application http://start.**-simonjamesrowe-start-spring-io-pr-2.simonjamesrowe.com not available, error was 503 503 Service Unavailable, delaying for: 6.730005839s
WARNING: preview application http://start.**-simonjamesrowe-start-spring-io-pr-2.simonjamesrowe.com not available, error was 503 503 Service Unavailable, delaying for: 17.970391892s
WARNING: preview application http://start.**-simonjamesrowe-start-spring-io-pr-2.simonjamesrowe.com not available, error was 503 503 Service Unavailable, delaying for: 15.006250195s
WARNING: preview application http://start.**-simonjamesrowe-start-spring-io-pr-2.simonjamesrowe.com not available, error was 503 503 Service Unavailable, delaying for: 24.094488103s
WARNING: preview application http://start.**-simonjamesrowe-start-spring-io-pr-2.simonjamesrowe.com not available, error was 503 503 Service Unavailable, delaying for: 28.862148722s
WARNING: preview application http://start.**-simonjamesrowe-start-spring-io-pr-2.simonjamesrowe.com not available, error was 503 503 Service Unavailable, delaying for: 1m24.949278877s
WARNING: preview application http://start.**-simonjamesrowe-start-spring-io-pr-2.simonjamesrowe.com not available, error was 503 503 Service Unavailable, delaying for: 44.98159207s
WARNING: preview application http://start.**-simonjamesrowe-start-spring-io-pr-2.simonjamesrowe.com not available, error was 503 503 Service Unavailable, delaying for: 1m28.5404889s
error: error checking if preview application http://start.**-simonjamesrowe-start-spring-io-pr-2.simonjamesrowe.com is available: preview application http://start.**-simonjamesrowe-start-spring-io-pr-2.simonjamesrowe.com not available, error was 503 503 Service Unavailable
[31m
Pipeline failed on stage 'from-build-pack' : container 'step-promote-jx-preview'. The execution of the pipeline has stopped.[0m
